<?xml version="1.0" encoding="UTF-8"?>
<!-- Generated by org.testng.reporters.JUnitReportReporter -->
<testsuite skipped="0" hostname="DESKTOP-0966TJE" name="com.tests.ModelPageTest" tests="1" failures="0" timestamp="23 Nov 2021 05:54:31 GMT" time="16.038" errors="0">
  <testcase name="verifyModelPageLoadingTest" time="16.038" classname="com.tests.ModelPageTest"/>
</testsuite> <!-- com.tests.ModelPageTest -->
