<?xml version="1.0" encoding="UTF-8"?>
<!-- Generated by org.testng.reporters.JUnitReportReporter -->
<testsuite skipped="0" hostname="DESKTOP-0966TJE" name="com.config.Base" tests="1" failures="0" timestamp="14 Nov 2021 15:49:01 GMT" time="9.870" errors="0">
  <testcase name="initialisation" time="9.870" classname="com.config.Base"/>
</testsuite> <!-- com.config.Base -->
