<?xml version="1.0" encoding="UTF-8"?>
<!-- Generated by org.testng.reporters.JUnitReportReporter -->
<testsuite skipped="0" hostname="DESKTOP-0966TJE" name="com.tests.ThankYouPageTest" tests="1" failures="0" timestamp="23 Nov 2021 05:54:31 GMT" time="36.753" errors="0">
  <testcase name="verifyThankYouPageLoadingTest" time="36.753" classname="com.tests.ThankYouPageTest"/>
</testsuite> <!-- com.tests.ThankYouPageTest -->
