<?xml version="1.0" encoding="UTF-8"?>
<!-- Generated by org.testng.reporters.JUnitReportReporter -->
<testsuite skipped="0" hostname="DESKTOP-0966TJE" name="com.tests.PostcodePageTest" tests="1" failures="0" timestamp="23 Nov 2021 05:54:31 GMT" time="27.440" errors="0">
  <testcase name="verifyPostcodePageLoadingTest" time="27.440" classname="com.tests.PostcodePageTest"/>
</testsuite> <!-- com.tests.PostcodePageTest -->
